Determining if the pthread_create exist failed with the following output:
Change Dir: /media/ayudha/workspace/workspace/catkin_ws/build/CMakeFiles/CMakeTmp

Run Build Command:"/usr/bin/make" "cmTC_d5b11/fast"
/usr/bin/make -f CMakeFiles/cmTC_d5b11.dir/build.make CMakeFiles/cmTC_d5b11.dir/build
make[1]: Entering directory '/media/ayudha/workspace/workspace/catkin_ws/build/CMakeFiles/CMakeTmp'
Building C object CMakeFiles/cmTC_d5b11.dir/CheckSymbolExists.c.o
/usr/bin/cc     -o CMakeFiles/cmTC_d5b11.dir/CheckSymbolExists.c.o   -c /media/ayudha/workspace/workspace/catkin_ws/build/CMakeFiles/CMakeTmp/CheckSymbolExists.c
Linking C executable cmTC_d5b11
/usr/bin/cmake -E cmake_link_script CMakeFiles/cmTC_d5b11.dir/link.txt --verbose=1
/usr/bin/cc       CMakeFiles/cmTC_d5b11.dir/CheckSymbolExists.c.o  -o cmTC_d5b11 -rdynamic 
CMakeFiles/cmTC_d5b11.dir/CheckSymbolExists.c.o: In function `main':
CheckSymbolExists.c:(.text+0x16): undefined reference to `pthread_create'
collect2: error: ld returned 1 exit status
CMakeFiles/cmTC_d5b11.dir/build.make:97: recipe for target 'cmTC_d5b11' failed
make[1]: *** [cmTC_d5b11] Error 1
make[1]: Leaving directory '/media/ayudha/workspace/workspace/catkin_ws/build/CMakeFiles/CMakeTmp'
Makefile:126: recipe for target 'cmTC_d5b11/fast' failed
make: *** [cmTC_d5b11/fast] Error 2

File /media/ayudha/workspace/workspace/catkin_ws/build/CMakeFiles/CMakeTmp/CheckSymbolExists.c:
/* */
#include <pthread.h>

int main(int argc, char** argv)
{
  (void)argv;
#ifndef pthread_create
  return ((int*)(&pthread_create))[argc];
#else
  (void)argc;
  return 0;
#endif
}

Determining if the function pthread_create exists in the pthreads failed with the following output:
Change Dir: /media/ayudha/workspace/workspace/catkin_ws/build/CMakeFiles/CMakeTmp

Run Build Command:"/usr/bin/make" "cmTC_dc7e3/fast"
/usr/bin/make -f CMakeFiles/cmTC_dc7e3.dir/build.make CMakeFiles/cmTC_dc7e3.dir/build
make[1]: Entering directory '/media/ayudha/workspace/workspace/catkin_ws/build/CMakeFiles/CMakeTmp'
Building C object CMakeFiles/cmTC_dc7e3.dir/CheckFunctionExists.c.o
/usr/bin/cc    -DCHECK_FUNCTION_EXISTS=pthread_create   -o CMakeFiles/cmTC_dc7e3.dir/CheckFunctionExists.c.o   -c /usr/share/cmake-3.5/Modules/CheckFunctionExists.c
Linking C executable cmTC_dc7e3
/usr/bin/cmake -E cmake_link_script CMakeFiles/cmTC_dc7e3.dir/link.txt --verbose=1
/usr/bin/cc   -DCHECK_FUNCTION_EXISTS=pthread_create    CMakeFiles/cmTC_dc7e3.dir/CheckFunctionExists.c.o  -o cmTC_dc7e3 -rdynamic -lpthreads 
/usr/bin/ld: cannot find -lpthreads
collect2: error: ld returned 1 exit status
CMakeFiles/cmTC_dc7e3.dir/build.make:97: recipe for target 'cmTC_dc7e3' failed
make[1]: *** [cmTC_dc7e3] Error 1
make[1]: Leaving directory '/media/ayudha/workspace/workspace/catkin_ws/build/CMakeFiles/CMakeTmp'
Makefile:126: recipe for target 'cmTC_dc7e3/fast' failed
make: *** [cmTC_dc7e3/fast] Error 2


Determining if the Q_WS_WIN exist failed with the following output:
Change Dir: /media/ayudha/workspace/workspace/catkin_ws/build/CMakeFiles/CMakeTmp

Run Build Command:"/usr/bin/make" "cmTC_1e29f/fast"
/usr/bin/make -f CMakeFiles/cmTC_1e29f.dir/build.make CMakeFiles/cmTC_1e29f.dir/build
make[1]: Entering directory '/media/ayudha/workspace/workspace/catkin_ws/build/CMakeFiles/CMakeTmp'
Building CXX object CMakeFiles/cmTC_1e29f.dir/CheckSymbolExists.cxx.o
/usr/bin/c++    -I/usr/include/qt4   -o CMakeFiles/cmTC_1e29f.dir/CheckSymbolExists.cxx.o -c /media/ayudha/workspace/workspace/catkin_ws/build/CMakeFiles/CMakeTmp/CheckSymbolExists.cxx
/media/ayudha/workspace/workspace/catkin_ws/build/CMakeFiles/CMakeTmp/CheckSymbolExists.cxx: In function ‘int main(int, char**)’:
/media/ayudha/workspace/workspace/catkin_ws/build/CMakeFiles/CMakeTmp/CheckSymbolExists.cxx:8:19: error: ‘Q_WS_WIN’ was not declared in this scope
   return ((int*)(&Q_WS_WIN))[argc];
                   ^
CMakeFiles/cmTC_1e29f.dir/build.make:65: recipe for target 'CMakeFiles/cmTC_1e29f.dir/CheckSymbolExists.cxx.o' failed
make[1]: *** [CMakeFiles/cmTC_1e29f.dir/CheckSymbolExists.cxx.o] Error 1
make[1]: Leaving directory '/media/ayudha/workspace/workspace/catkin_ws/build/CMakeFiles/CMakeTmp'
Makefile:126: recipe for target 'cmTC_1e29f/fast' failed
make: *** [cmTC_1e29f/fast] Error 2

File /media/ayudha/workspace/workspace/catkin_ws/build/CMakeFiles/CMakeTmp/CheckSymbolExists.cxx:
/* */
#include <QtCore/qglobal.h>

int main(int argc, char** argv)
{
  (void)argv;
#ifndef Q_WS_WIN
  return ((int*)(&Q_WS_WIN))[argc];
#else
  (void)argc;
  return 0;
#endif
}

Determining if the Q_WS_QWS exist failed with the following output:
Change Dir: /media/ayudha/workspace/workspace/catkin_ws/build/CMakeFiles/CMakeTmp

Run Build Command:"/usr/bin/make" "cmTC_b2bdf/fast"
/usr/bin/make -f CMakeFiles/cmTC_b2bdf.dir/build.make CMakeFiles/cmTC_b2bdf.dir/build
make[1]: Entering directory '/media/ayudha/workspace/workspace/catkin_ws/build/CMakeFiles/CMakeTmp'
Building CXX object CMakeFiles/cmTC_b2bdf.dir/CheckSymbolExists.cxx.o
/usr/bin/c++    -I/usr/include/qt4   -o CMakeFiles/cmTC_b2bdf.dir/CheckSymbolExists.cxx.o -c /media/ayudha/workspace/workspace/catkin_ws/build/CMakeFiles/CMakeTmp/CheckSymbolExists.cxx
/media/ayudha/workspace/workspace/catkin_ws/build/CMakeFiles/CMakeTmp/CheckSymbolExists.cxx: In function ‘int main(int, char**)’:
/media/ayudha/workspace/workspace/catkin_ws/build/CMakeFiles/CMakeTmp/CheckSymbolExists.cxx:8:19: error: ‘Q_WS_QWS’ was not declared in this scope
   return ((int*)(&Q_WS_QWS))[argc];
                   ^
CMakeFiles/cmTC_b2bdf.dir/build.make:65: recipe for target 'CMakeFiles/cmTC_b2bdf.dir/CheckSymbolExists.cxx.o' failed
make[1]: *** [CMakeFiles/cmTC_b2bdf.dir/CheckSymbolExists.cxx.o] Error 1
make[1]: Leaving directory '/media/ayudha/workspace/workspace/catkin_ws/build/CMakeFiles/CMakeTmp'
Makefile:126: recipe for target 'cmTC_b2bdf/fast' failed
make: *** [cmTC_b2bdf/fast] Error 2

File /media/ayudha/workspace/workspace/catkin_ws/build/CMakeFiles/CMakeTmp/CheckSymbolExists.cxx:
/* */
#include <QtCore/qglobal.h>

int main(int argc, char** argv)
{
  (void)argv;
#ifndef Q_WS_QWS
  return ((int*)(&Q_WS_QWS))[argc];
#else
  (void)argc;
  return 0;
#endif
}

Determining if the Q_WS_MAC exist failed with the following output:
Change Dir: /media/ayudha/workspace/workspace/catkin_ws/build/CMakeFiles/CMakeTmp

Run Build Command:"/usr/bin/make" "cmTC_f4a32/fast"
/usr/bin/make -f CMakeFiles/cmTC_f4a32.dir/build.make CMakeFiles/cmTC_f4a32.dir/build
make[1]: Entering directory '/media/ayudha/workspace/workspace/catkin_ws/build/CMakeFiles/CMakeTmp'
Building CXX object CMakeFiles/cmTC_f4a32.dir/CheckSymbolExists.cxx.o
/usr/bin/c++    -I/usr/include/qt4   -o CMakeFiles/cmTC_f4a32.dir/CheckSymbolExists.cxx.o -c /media/ayudha/workspace/workspace/catkin_ws/build/CMakeFiles/CMakeTmp/CheckSymbolExists.cxx
/media/ayudha/workspace/workspace/catkin_ws/build/CMakeFiles/CMakeTmp/CheckSymbolExists.cxx: In function ‘int main(int, char**)’:
/media/ayudha/workspace/workspace/catkin_ws/build/CMakeFiles/CMakeTmp/CheckSymbolExists.cxx:8:19: error: ‘Q_WS_MAC’ was not declared in this scope
   return ((int*)(&Q_WS_MAC))[argc];
                   ^
CMakeFiles/cmTC_f4a32.dir/build.make:65: recipe for target 'CMakeFiles/cmTC_f4a32.dir/CheckSymbolExists.cxx.o' failed
make[1]: *** [CMakeFiles/cmTC_f4a32.dir/CheckSymbolExists.cxx.o] Error 1
make[1]: Leaving directory '/media/ayudha/workspace/workspace/catkin_ws/build/CMakeFiles/CMakeTmp'
Makefile:126: recipe for target 'cmTC_f4a32/fast' failed
make: *** [cmTC_f4a32/fast] Error 2

File /media/ayudha/workspace/workspace/catkin_ws/build/CMakeFiles/CMakeTmp/CheckSymbolExists.cxx:
/* */
#include <QtCore/qglobal.h>

int main(int argc, char** argv)
{
  (void)argv;
#ifndef Q_WS_MAC
  return ((int*)(&Q_WS_MAC))[argc];
#else
  (void)argc;
  return 0;
#endif
}

